make output
make[1]: Entering directory `/media/tfuser/E8/code/clawpack/myclaw/advection_base'
rm -f .output
python /media/tfuser/E8/code/clawpack/clawutil/src/python/clawutil/runclaw.py xamr                           _output                     \
	True                    False                     . False False None
Reading data file: claw.data
         first 5 lines are comments and will be skipped
Reading data file: amr.data
         first 5 lines are comments and will be skipped
Reading data file: regions.data
         first 5 lines are comments and will be skipped
Reading data file: gauges.data
         first 5 lines are comments and will be skipped
  
 Running amrclaw ...  
  
Reading data file: setprob.data             
         first 5 lines are comments and will be skipped
 Storage allocated...
there are   16 grids with    40000 cells at level   1
  max threads set to            1
  
 Done reading data, starting computation ...  
  
 Total mass at initial time:   0.32500000000006718     
AMRCLAW: Frame    0 output files done at time t = 0.000000D+00

*** WARNING *** Courant number  =  0.3200D+01  is larger than input cfl_max = 
*** WARNING *** Courant number  =  0.3200D+01  is larger than input cfl_max = 
*** WARNING *** Courant number  =  0.3200D+01  is larger than input cfl_max = 
*** WARNING *** Courant number  =  0.3200D+01  is larger than input cfl_max = 
*** WARNING *** Courant number  =  0.3200D+01  is larger than input cfl_max = 
*** WARNING *** Courant number  =  0.3200D+01  is larger than input cfl_max = 
*** WARNING *** Courant number  =  0.3200D+01  is larger than input cfl_max = 
*** WARNING *** Courant number  =  0.3200D+01  is larger than input cfl_max = 
*** WARNING *** Courant number  =  0.3200D+01  is larger than input cfl_max = 
*** WARNING *** Courant number  =  0.3200D+01  is larger than input cfl_max = 
*** WARNING *** Courant number  =  0.3200D+01  is larger than input cfl_max = 
*** WARNING *** Courant number  =  0.3200D+01  is larger than input cfl_max = 
*** WARNING *** Courant number  =  0.3200D+01  is larger than input cfl_max = 
*** WARNING *** Courant number  =  0.3200D+01  is larger than input cfl_max = 
*** WARNING *** Courant number  =  0.3200D+01  is larger than input cfl_max = 
*** WARNING *** Courant number  =  0.3200D+01  is larger than input cfl_max = 
 AMRCLAW: level  1  CFL = .320E+01  dt = 0.1600E-01  final t = 0.160000E-01
 AMRCLAW: level  1  CFL = .900E+00  dt = 0.4500E-02  final t = 0.205000E-01
 AMRCLAW: level  1  CFL = .900E+00  dt = 0.4500E-02  final t = 0.250000E-01
 AMRCLAW: level  1  CFL = .900E+00  dt = 0.4500E-02  final t = 0.295000E-01
 AMRCLAW: level  1  CFL = .900E+00  dt = 0.4500E-02  final t = 0.340000E-01
 AMRCLAW: level  1  CFL = .900E+00  dt = 0.4500E-02  final t = 0.385000E-01
 AMRCLAW: level  1  CFL = .900E+00  dt = 0.4500E-02  final t = 0.430000E-01
 AMRCLAW: level  1  CFL = .900E+00  dt = 0.4500E-02  final t = 0.475000E-01
 AMRCLAW: level  1  CFL = .900E+00  dt = 0.4500E-02  final t = 0.520000E-01
 AMRCLAW: level  1  CFL = .900E+00  dt = 0.4500E-02  final t = 0.565000E-01
 AMRCLAW: level  1  CFL = .900E+00  dt = 0.4500E-02  final t = 0.610000E-01
 AMRCLAW: level  1  CFL = .900E+00  dt = 0.4500E-02  final t = 0.655000E-01
 AMRCLAW: level  1  CFL = .900E+00  dt = 0.4500E-02  final t = 0.700000E-01
 AMRCLAW: level  1  CFL = .900E+00  dt = 0.4500E-02  final t = 0.745000E-01
 AMRCLAW: level  1  CFL = .900E+00  dt = 0.4500E-02  final t = 0.790000E-01
 AMRCLAW: level  1  CFL = .900E+00  dt = 0.4500E-02  final t = 0.835000E-01
 AMRCLAW: level  1  CFL = .900E+00  dt = 0.4500E-02  final t = 0.880000E-01
 AMRCLAW: level  1  CFL = .900E+00  dt = 0.4500E-02  final t = 0.925000E-01
 AMRCLAW: level  1  CFL = .900E+00  dt = 0.4500E-02  final t = 0.970000E-01
 AMRCLAW: level  1  CFL = .600E+00  dt = 0.3000E-02  final t = 0.100000E+00
AMRCLAW: Frame    1 output files done at time t = 0.100000D+00

 AMRCLAW: level  1  CFL = .900E+00  dt = 0.4500E-02  final t = 0.104500E+00
 AMRCLAW: level  1  CFL = .900E+00  dt = 0.4500E-02  final t = 0.109000E+00
 AMRCLAW: level  1  CFL = .900E+00  dt = 0.4500E-02  final t = 0.113500E+00
 AMRCLAW: level  1  CFL = .900E+00  dt = 0.4500E-02  final t = 0.118000E+00
 AMRCLAW: level  1  CFL = .900E+00  dt = 0.4500E-02  final t = 0.122500E+00
 AMRCLAW: level  1  CFL = .900E+00  dt = 0.4500E-02  final t = 0.127000E+00
 AMRCLAW: level  1  CFL = .900E+00  dt = 0.4500E-02  final t = 0.131500E+00
 AMRCLAW: level  1  CFL = .900E+00  dt = 0.4500E-02  final t = 0.136000E+00
 AMRCLAW: level  1  CFL = .900E+00  dt = 0.4500E-02  final t = 0.140500E+00
 AMRCLAW: level  1  CFL = .900E+00  dt = 0.4500E-02  final t = 0.145000E+00
 AMRCLAW: level  1  CFL = .900E+00  dt = 0.4500E-02  final t = 0.149500E+00
 AMRCLAW: level  1  CFL = .900E+00  dt = 0.4500E-02  final t = 0.154000E+00
 AMRCLAW: level  1  CFL = .900E+00  dt = 0.4500E-02  final t = 0.158500E+00
 AMRCLAW: level  1  CFL = .900E+00  dt = 0.4500E-02  final t = 0.163000E+00
 AMRCLAW: level  1  CFL = .900E+00  dt = 0.4500E-02  final t = 0.167500E+00
 AMRCLAW: level  1  CFL = .900E+00  dt = 0.4500E-02  final t = 0.172000E+00
 AMRCLAW: level  1  CFL = .900E+00  dt = 0.4500E-02  final t = 0.176500E+00
 AMRCLAW: level  1  CFL = .900E+00  dt = 0.4500E-02  final t = 0.181000E+00
 AMRCLAW: level  1  CFL = .900E+00  dt = 0.4500E-02  final t = 0.185500E+00
 AMRCLAW: level  1  CFL = .900E+00  dt = 0.4500E-02  final t = 0.190000E+00
 AMRCLAW: level  1  CFL = .900E+00  dt = 0.4500E-02  final t = 0.194500E+00
 AMRCLAW: level  1  CFL = .900E+00  dt = 0.4500E-02  final t = 0.199000E+00
 AMRCLAW: level  1  CFL = .200E+00  dt = 0.1000E-02  final t = 0.200000E+00
AMRCLAW: Frame    2 output files done at time t = 0.200000D+00

 AMRCLAW: level  1  CFL = .900E+00  dt = 0.4500E-02  final t = 0.204500E+00
 AMRCLAW: level  1  CFL = .900E+00  dt = 0.4500E-02  final t = 0.209000E+00
 AMRCLAW: level  1  CFL = .900E+00  dt = 0.4500E-02  final t = 0.213500E+00
 AMRCLAW: level  1  CFL = .900E+00  dt = 0.4500E-02  final t = 0.218000E+00
 AMRCLAW: level  1  CFL = .900E+00  dt = 0.4500E-02  final t = 0.222500E+00
 AMRCLAW: level  1  CFL = .900E+00  dt = 0.4500E-02  final t = 0.227000E+00
 AMRCLAW: level  1  CFL = .900E+00  dt = 0.4500E-02  final t = 0.231500E+00
 AMRCLAW: level  1  CFL = .900E+00  dt = 0.4500E-02  final t = 0.236000E+00
 AMRCLAW: level  1  CFL = .900E+00  dt = 0.4500E-02  final t = 0.240500E+00
 AMRCLAW: level  1  CFL = .900E+00  dt = 0.4500E-02  final t = 0.245000E+00
 AMRCLAW: level  1  CFL = .900E+00  dt = 0.4500E-02  final t = 0.249500E+00
 AMRCLAW: level  1  CFL = .900E+00  dt = 0.4500E-02  final t = 0.254000E+00
 AMRCLAW: level  1  CFL = .900E+00  dt = 0.4500E-02  final t = 0.258500E+00
 AMRCLAW: level  1  CFL = .900E+00  dt = 0.4500E-02  final t = 0.263000E+00
 AMRCLAW: level  1  CFL = .900E+00  dt = 0.4500E-02  final t = 0.267500E+00
 AMRCLAW: level  1  CFL = .900E+00  dt = 0.4500E-02  final t = 0.272000E+00
 AMRCLAW: level  1  CFL = .900E+00  dt = 0.4500E-02  final t = 0.276500E+00
 AMRCLAW: level  1  CFL = .900E+00  dt = 0.4500E-02  final t = 0.281000E+00
 AMRCLAW: level  1  CFL = .900E+00  dt = 0.4500E-02  final t = 0.285500E+00
 AMRCLAW: level  1  CFL = .900E+00  dt = 0.4500E-02  final t = 0.290000E+00
 AMRCLAW: level  1  CFL = .900E+00  dt = 0.4500E-02  final t = 0.294500E+00
 AMRCLAW: level  1  CFL = .900E+00  dt = 0.4500E-02  final t = 0.299000E+00
 AMRCLAW: level  1  CFL = .200E+00  dt = 0.1000E-02  final t = 0.300000E+00
AMRCLAW: Frame    3 output files done at time t = 0.300000D+00

 AMRCLAW: level  1  CFL = .900E+00  dt = 0.4500E-02  final t = 0.304500E+00
 AMRCLAW: level  1  CFL = .900E+00  dt = 0.4500E-02  final t = 0.309000E+00
 AMRCLAW: level  1  CFL = .900E+00  dt = 0.4500E-02  final t = 0.313500E+00
 AMRCLAW: level  1  CFL = .900E+00  dt = 0.4500E-02  final t = 0.318000E+00
 AMRCLAW: level  1  CFL = .900E+00  dt = 0.4500E-02  final t = 0.322500E+00
 AMRCLAW: level  1  CFL = .900E+00  dt = 0.4500E-02  final t = 0.327000E+00
 AMRCLAW: level  1  CFL = .900E+00  dt = 0.4500E-02  final t = 0.331500E+00
 AMRCLAW: level  1  CFL = .900E+00  dt = 0.4500E-02  final t = 0.336000E+00
 AMRCLAW: level  1  CFL = .900E+00  dt = 0.4500E-02  final t = 0.340500E+00
 AMRCLAW: level  1  CFL = .900E+00  dt = 0.4500E-02  final t = 0.345000E+00
 AMRCLAW: level  1  CFL = .900E+00  dt = 0.4500E-02  final t = 0.349500E+00
 AMRCLAW: level  1  CFL = .900E+00  dt = 0.4500E-02  final t = 0.354000E+00
 AMRCLAW: level  1  CFL = .900E+00  dt = 0.4500E-02  final t = 0.358500E+00
 AMRCLAW: level  1  CFL = .900E+00  dt = 0.4500E-02  final t = 0.363000E+00
 AMRCLAW: level  1  CFL = .900E+00  dt = 0.4500E-02  final t = 0.367500E+00
 AMRCLAW: level  1  CFL = .900E+00  dt = 0.4500E-02  final t = 0.372000E+00
 AMRCLAW: level  1  CFL = .900E+00  dt = 0.4500E-02  final t = 0.376500E+00
 AMRCLAW: level  1  CFL = .900E+00  dt = 0.4500E-02  final t = 0.381000E+00
 AMRCLAW: level  1  CFL = .900E+00  dt = 0.4500E-02  final t = 0.385500E+00
 AMRCLAW: level  1  CFL = .900E+00  dt = 0.4500E-02  final t = 0.390000E+00
 AMRCLAW: level  1  CFL = .900E+00  dt = 0.4500E-02  final t = 0.394500E+00
 AMRCLAW: level  1  CFL = .900E+00  dt = 0.4500E-02  final t = 0.399000E+00
 AMRCLAW: level  1  CFL = .200E+00  dt = 0.1000E-02  final t = 0.400000E+00
AMRCLAW: Frame    4 output files done at time t = 0.400000D+00

 AMRCLAW: level  1  CFL = .900E+00  dt = 0.4500E-02  final t = 0.404500E+00
 AMRCLAW: level  1  CFL = .900E+00  dt = 0.4500E-02  final t = 0.409000E+00
 AMRCLAW: level  1  CFL = .900E+00  dt = 0.4500E-02  final t = 0.413500E+00
 AMRCLAW: level  1  CFL = .900E+00  dt = 0.4500E-02  final t = 0.418000E+00
 AMRCLAW: level  1  CFL = .900E+00  dt = 0.4500E-02  final t = 0.422500E+00
 AMRCLAW: level  1  CFL = .900E+00  dt = 0.4500E-02  final t = 0.427000E+00
 AMRCLAW: level  1  CFL = .900E+00  dt = 0.4500E-02  final t = 0.431500E+00
 AMRCLAW: level  1  CFL = .900E+00  dt = 0.4500E-02  final t = 0.436000E+00
 AMRCLAW: level  1  CFL = .900E+00  dt = 0.4500E-02  final t = 0.440500E+00
 AMRCLAW: level  1  CFL = .900E+00  dt = 0.4500E-02  final t = 0.445000E+00
 AMRCLAW: level  1  CFL = .900E+00  dt = 0.4500E-02  final t = 0.449500E+00
 AMRCLAW: level  1  CFL = .900E+00  dt = 0.4500E-02  final t = 0.454000E+00
 AMRCLAW: level  1  CFL = .900E+00  dt = 0.4500E-02  final t = 0.458500E+00
 AMRCLAW: level  1  CFL = .900E+00  dt = 0.4500E-02  final t = 0.463000E+00
 AMRCLAW: level  1  CFL = .900E+00  dt = 0.4500E-02  final t = 0.467500E+00
 AMRCLAW: level  1  CFL = .900E+00  dt = 0.4500E-02  final t = 0.472000E+00
 AMRCLAW: level  1  CFL = .900E+00  dt = 0.4500E-02  final t = 0.476500E+00
 AMRCLAW: level  1  CFL = .900E+00  dt = 0.4500E-02  final t = 0.481000E+00
 AMRCLAW: level  1  CFL = .900E+00  dt = 0.4500E-02  final t = 0.485500E+00
 AMRCLAW: level  1  CFL = .900E+00  dt = 0.4500E-02  final t = 0.490000E+00
 AMRCLAW: level  1  CFL = .900E+00  dt = 0.4500E-02  final t = 0.494500E+00
 AMRCLAW: level  1  CFL = .900E+00  dt = 0.4500E-02  final t = 0.499000E+00
 AMRCLAW: level  1  CFL = .200E+00  dt = 0.1000E-02  final t = 0.500000E+00
AMRCLAW: Frame    5 output files done at time t = 0.500000D+00

 AMRCLAW: level  1  CFL = .900E+00  dt = 0.4500E-02  final t = 0.504500E+00
 AMRCLAW: level  1  CFL = .900E+00  dt = 0.4500E-02  final t = 0.509000E+00
 AMRCLAW: level  1  CFL = .900E+00  dt = 0.4500E-02  final t = 0.513500E+00
 AMRCLAW: level  1  CFL = .900E+00  dt = 0.4500E-02  final t = 0.518000E+00
 AMRCLAW: level  1  CFL = .900E+00  dt = 0.4500E-02  final t = 0.522500E+00
 AMRCLAW: level  1  CFL = .900E+00  dt = 0.4500E-02  final t = 0.527000E+00
 AMRCLAW: level  1  CFL = .900E+00  dt = 0.4500E-02  final t = 0.531500E+00
 AMRCLAW: level  1  CFL = .900E+00  dt = 0.4500E-02  final t = 0.536000E+00
 AMRCLAW: level  1  CFL = .900E+00  dt = 0.4500E-02  final t = 0.540500E+00
 AMRCLAW: level  1  CFL = .900E+00  dt = 0.4500E-02  final t = 0.545000E+00
 AMRCLAW: level  1  CFL = .900E+00  dt = 0.4500E-02  final t = 0.549500E+00
 AMRCLAW: level  1  CFL = .900E+00  dt = 0.4500E-02  final t = 0.554000E+00
 AMRCLAW: level  1  CFL = .900E+00  dt = 0.4500E-02  final t = 0.558500E+00
 AMRCLAW: level  1  CFL = .900E+00  dt = 0.4500E-02  final t = 0.563000E+00
 AMRCLAW: level  1  CFL = .900E+00  dt = 0.4500E-02  final t = 0.567500E+00
 AMRCLAW: level  1  CFL = .900E+00  dt = 0.4500E-02  final t = 0.572000E+00
 AMRCLAW: level  1  CFL = .900E+00  dt = 0.4500E-02  final t = 0.576500E+00
 AMRCLAW: level  1  CFL = .900E+00  dt = 0.4500E-02  final t = 0.581000E+00
 AMRCLAW: level  1  CFL = .900E+00  dt = 0.4500E-02  final t = 0.585500E+00
 AMRCLAW: level  1  CFL = .900E+00  dt = 0.4500E-02  final t = 0.590000E+00
 AMRCLAW: level  1  CFL = .900E+00  dt = 0.4500E-02  final t = 0.594500E+00
 AMRCLAW: level  1  CFL = .900E+00  dt = 0.4500E-02  final t = 0.599000E+00
 AMRCLAW: level  1  CFL = .200E+00  dt = 0.1000E-02  final t = 0.600000E+00
AMRCLAW: Frame    6 output files done at time t = 0.600000D+00

 AMRCLAW: level  1  CFL = .900E+00  dt = 0.4500E-02  final t = 0.604500E+00
 AMRCLAW: level  1  CFL = .900E+00  dt = 0.4500E-02  final t = 0.609000E+00
 AMRCLAW: level  1  CFL = .900E+00  dt = 0.4500E-02  final t = 0.613500E+00
 AMRCLAW: level  1  CFL = .900E+00  dt = 0.4500E-02  final t = 0.618000E+00
 AMRCLAW: level  1  CFL = .900E+00  dt = 0.4500E-02  final t = 0.622500E+00
 AMRCLAW: level  1  CFL = .900E+00  dt = 0.4500E-02  final t = 0.627000E+00
 AMRCLAW: level  1  CFL = .900E+00  dt = 0.4500E-02  final t = 0.631500E+00
 AMRCLAW: level  1  CFL = .900E+00  dt = 0.4500E-02  final t = 0.636000E+00
 AMRCLAW: level  1  CFL = .900E+00  dt = 0.4500E-02  final t = 0.640500E+00
 AMRCLAW: level  1  CFL = .900E+00  dt = 0.4500E-02  final t = 0.645000E+00
 AMRCLAW: level  1  CFL = .900E+00  dt = 0.4500E-02  final t = 0.649500E+00
 AMRCLAW: level  1  CFL = .900E+00  dt = 0.4500E-02  final t = 0.654000E+00
 AMRCLAW: level  1  CFL = .900E+00  dt = 0.4500E-02  final t = 0.658500E+00
 AMRCLAW: level  1  CFL = .900E+00  dt = 0.4500E-02  final t = 0.663000E+00
 AMRCLAW: level  1  CFL = .900E+00  dt = 0.4500E-02  final t = 0.667500E+00
 AMRCLAW: level  1  CFL = .900E+00  dt = 0.4500E-02  final t = 0.672000E+00
 AMRCLAW: level  1  CFL = .900E+00  dt = 0.4500E-02  final t = 0.676500E+00
 AMRCLAW: level  1  CFL = .900E+00  dt = 0.4500E-02  final t = 0.681000E+00
 AMRCLAW: level  1  CFL = .900E+00  dt = 0.4500E-02  final t = 0.685500E+00
 AMRCLAW: level  1  CFL = .900E+00  dt = 0.4500E-02  final t = 0.690000E+00
 AMRCLAW: level  1  CFL = .900E+00  dt = 0.4500E-02  final t = 0.694500E+00
 AMRCLAW: level  1  CFL = .900E+00  dt = 0.4500E-02  final t = 0.699000E+00
 AMRCLAW: level  1  CFL = .200E+00  dt = 0.1000E-02  final t = 0.700000E+00
AMRCLAW: Frame    7 output files done at time t = 0.700000D+00

 AMRCLAW: level  1  CFL = .900E+00  dt = 0.4500E-02  final t = 0.704500E+00
 AMRCLAW: level  1  CFL = .900E+00  dt = 0.4500E-02  final t = 0.709000E+00
 AMRCLAW: level  1  CFL = .900E+00  dt = 0.4500E-02  final t = 0.713500E+00
 AMRCLAW: level  1  CFL = .900E+00  dt = 0.4500E-02  final t = 0.718000E+00
 AMRCLAW: level  1  CFL = .900E+00  dt = 0.4500E-02  final t = 0.722500E+00
 AMRCLAW: level  1  CFL = .900E+00  dt = 0.4500E-02  final t = 0.727000E+00
 AMRCLAW: level  1  CFL = .900E+00  dt = 0.4500E-02  final t = 0.731500E+00
 AMRCLAW: level  1  CFL = .900E+00  dt = 0.4500E-02  final t = 0.736000E+00
 AMRCLAW: level  1  CFL = .900E+00  dt = 0.4500E-02  final t = 0.740500E+00
 AMRCLAW: level  1  CFL = .900E+00  dt = 0.4500E-02  final t = 0.745000E+00
 AMRCLAW: level  1  CFL = .900E+00  dt = 0.4500E-02  final t = 0.749500E+00
 AMRCLAW: level  1  CFL = .900E+00  dt = 0.4500E-02  final t = 0.754000E+00
 AMRCLAW: level  1  CFL = .900E+00  dt = 0.4500E-02  final t = 0.758500E+00
 AMRCLAW: level  1  CFL = .900E+00  dt = 0.4500E-02  final t = 0.763000E+00
 AMRCLAW: level  1  CFL = .900E+00  dt = 0.4500E-02  final t = 0.767500E+00
 AMRCLAW: level  1  CFL = .900E+00  dt = 0.4500E-02  final t = 0.772000E+00
 AMRCLAW: level  1  CFL = .900E+00  dt = 0.4500E-02  final t = 0.776500E+00
 AMRCLAW: level  1  CFL = .900E+00  dt = 0.4500E-02  final t = 0.781000E+00
 AMRCLAW: level  1  CFL = .900E+00  dt = 0.4500E-02  final t = 0.785500E+00
 AMRCLAW: level  1  CFL = .900E+00  dt = 0.4500E-02  final t = 0.790000E+00
 AMRCLAW: level  1  CFL = .900E+00  dt = 0.4500E-02  final t = 0.794500E+00
 AMRCLAW: level  1  CFL = .900E+00  dt = 0.4500E-02  final t = 0.799000E+00
 AMRCLAW: level  1  CFL = .200E+00  dt = 0.1000E-02  final t = 0.800000E+00
AMRCLAW: Frame    8 output files done at time t = 0.800000D+00

 AMRCLAW: level  1  CFL = .900E+00  dt = 0.4500E-02  final t = 0.804500E+00
 AMRCLAW: level  1  CFL = .900E+00  dt = 0.4500E-02  final t = 0.809000E+00
 AMRCLAW: level  1  CFL = .900E+00  dt = 0.4500E-02  final t = 0.813500E+00
 AMRCLAW: level  1  CFL = .900E+00  dt = 0.4500E-02  final t = 0.818000E+00
 AMRCLAW: level  1  CFL = .900E+00  dt = 0.4500E-02  final t = 0.822500E+00
 AMRCLAW: level  1  CFL = .900E+00  dt = 0.4500E-02  final t = 0.827000E+00
 AMRCLAW: level  1  CFL = .900E+00  dt = 0.4500E-02  final t = 0.831500E+00
 AMRCLAW: level  1  CFL = .900E+00  dt = 0.4500E-02  final t = 0.836000E+00
 AMRCLAW: level  1  CFL = .900E+00  dt = 0.4500E-02  final t = 0.840500E+00
 AMRCLAW: level  1  CFL = .900E+00  dt = 0.4500E-02  final t = 0.845000E+00
 AMRCLAW: level  1  CFL = .900E+00  dt = 0.4500E-02  final t = 0.849500E+00
 AMRCLAW: level  1  CFL = .900E+00  dt = 0.4500E-02  final t = 0.854000E+00
 AMRCLAW: level  1  CFL = .900E+00  dt = 0.4500E-02  final t = 0.858500E+00
 AMRCLAW: level  1  CFL = .900E+00  dt = 0.4500E-02  final t = 0.863000E+00
 AMRCLAW: level  1  CFL = .900E+00  dt = 0.4500E-02  final t = 0.867500E+00
 AMRCLAW: level  1  CFL = .900E+00  dt = 0.4500E-02  final t = 0.872000E+00
 AMRCLAW: level  1  CFL = .900E+00  dt = 0.4500E-02  final t = 0.876500E+00
 AMRCLAW: level  1  CFL = .900E+00  dt = 0.4500E-02  final t = 0.881000E+00
 AMRCLAW: level  1  CFL = .900E+00  dt = 0.4500E-02  final t = 0.885500E+00
 AMRCLAW: level  1  CFL = .900E+00  dt = 0.4500E-02  final t = 0.890000E+00
 AMRCLAW: level  1  CFL = .900E+00  dt = 0.4500E-02  final t = 0.894500E+00
 AMRCLAW: level  1  CFL = .900E+00  dt = 0.4500E-02  final t = 0.899000E+00
 AMRCLAW: level  1  CFL = .200E+00  dt = 0.1000E-02  final t = 0.900000E+00
AMRCLAW: Frame    9 output files done at time t = 0.900000D+00

 AMRCLAW: level  1  CFL = .900E+00  dt = 0.4500E-02  final t = 0.904500E+00
 AMRCLAW: level  1  CFL = .900E+00  dt = 0.4500E-02  final t = 0.909000E+00
 AMRCLAW: level  1  CFL = .900E+00  dt = 0.4500E-02  final t = 0.913500E+00
 AMRCLAW: level  1  CFL = .900E+00  dt = 0.4500E-02  final t = 0.918000E+00
 AMRCLAW: level  1  CFL = .900E+00  dt = 0.4500E-02  final t = 0.922500E+00
 AMRCLAW: level  1  CFL = .900E+00  dt = 0.4500E-02  final t = 0.927000E+00
 AMRCLAW: level  1  CFL = .900E+00  dt = 0.4500E-02  final t = 0.931500E+00
 AMRCLAW: level  1  CFL = .900E+00  dt = 0.4500E-02  final t = 0.936000E+00
 AMRCLAW: level  1  CFL = .900E+00  dt = 0.4500E-02  final t = 0.940500E+00
 AMRCLAW: level  1  CFL = .900E+00  dt = 0.4500E-02  final t = 0.945000E+00
 AMRCLAW: level  1  CFL = .900E+00  dt = 0.4500E-02  final t = 0.949500E+00
 AMRCLAW: level  1  CFL = .900E+00  dt = 0.4500E-02  final t = 0.954000E+00
 AMRCLAW: level  1  CFL = .900E+00  dt = 0.4500E-02  final t = 0.958500E+00
 AMRCLAW: level  1  CFL = .900E+00  dt = 0.4500E-02  final t = 0.963000E+00
 AMRCLAW: level  1  CFL = .900E+00  dt = 0.4500E-02  final t = 0.967500E+00
 AMRCLAW: level  1  CFL = .900E+00  dt = 0.4500E-02  final t = 0.972000E+00
 AMRCLAW: level  1  CFL = .900E+00  dt = 0.4500E-02  final t = 0.976500E+00
 AMRCLAW: level  1  CFL = .900E+00  dt = 0.4500E-02  final t = 0.981000E+00
 AMRCLAW: level  1  CFL = .900E+00  dt = 0.4500E-02  final t = 0.985500E+00
 AMRCLAW: level  1  CFL = .900E+00  dt = 0.4500E-02  final t = 0.990000E+00
 AMRCLAW: level  1  CFL = .900E+00  dt = 0.4500E-02  final t = 0.994500E+00
 AMRCLAW: level  1  CFL = .900E+00  dt = 0.4500E-02  final t = 0.999000E+00
 AMRCLAW: level  1  CFL = .200E+00  dt = 0.1000E-02  final t = 0.100000E+01
AMRCLAW: Frame   10 output files done at time t = 0.100000D+01

 AMRCLAW: level  1  CFL = .900E+00  dt = 0.4500E-02  final t = 0.100450E+01
 AMRCLAW: level  1  CFL = .900E+00  dt = 0.4500E-02  final t = 0.100900E+01
 AMRCLAW: level  1  CFL = .900E+00  dt = 0.4500E-02  final t = 0.101350E+01
 AMRCLAW: level  1  CFL = .900E+00  dt = 0.4500E-02  final t = 0.101800E+01
 AMRCLAW: level  1  CFL = .900E+00  dt = 0.4500E-02  final t = 0.102250E+01
 AMRCLAW: level  1  CFL = .900E+00  dt = 0.4500E-02  final t = 0.102700E+01
 AMRCLAW: level  1  CFL = .900E+00  dt = 0.4500E-02  final t = 0.103150E+01
 AMRCLAW: level  1  CFL = .900E+00  dt = 0.4500E-02  final t = 0.103600E+01
 AMRCLAW: level  1  CFL = .900E+00  dt = 0.4500E-02  final t = 0.104050E+01
 AMRCLAW: level  1  CFL = .900E+00  dt = 0.4500E-02  final t = 0.104500E+01
 AMRCLAW: level  1  CFL = .900E+00  dt = 0.4500E-02  final t = 0.104950E+01
 AMRCLAW: level  1  CFL = .900E+00  dt = 0.4500E-02  final t = 0.105400E+01
 AMRCLAW: level  1  CFL = .900E+00  dt = 0.4500E-02  final t = 0.105850E+01
 AMRCLAW: level  1  CFL = .900E+00  dt = 0.4500E-02  final t = 0.106300E+01
 AMRCLAW: level  1  CFL = .900E+00  dt = 0.4500E-02  final t = 0.106750E+01
 AMRCLAW: level  1  CFL = .900E+00  dt = 0.4500E-02  final t = 0.107200E+01
 AMRCLAW: level  1  CFL = .900E+00  dt = 0.4500E-02  final t = 0.107650E+01
 AMRCLAW: level  1  CFL = .900E+00  dt = 0.4500E-02  final t = 0.108100E+01
 AMRCLAW: level  1  CFL = .900E+00  dt = 0.4500E-02  final t = 0.108550E+01
 AMRCLAW: level  1  CFL = .900E+00  dt = 0.4500E-02  final t = 0.109000E+01
 AMRCLAW: level  1  CFL = .900E+00  dt = 0.4500E-02  final t = 0.109450E+01
 AMRCLAW: level  1  CFL = .900E+00  dt = 0.4500E-02  final t = 0.109900E+01
 AMRCLAW: level  1  CFL = .200E+00  dt = 0.1000E-02  final t = 0.110000E+01
AMRCLAW: Frame   11 output files done at time t = 0.110000D+01

 AMRCLAW: level  1  CFL = .900E+00  dt = 0.4500E-02  final t = 0.110450E+01
 AMRCLAW: level  1  CFL = .900E+00  dt = 0.4500E-02  final t = 0.110900E+01
 AMRCLAW: level  1  CFL = .900E+00  dt = 0.4500E-02  final t = 0.111350E+01
 AMRCLAW: level  1  CFL = .900E+00  dt = 0.4500E-02  final t = 0.111800E+01
 AMRCLAW: level  1  CFL = .900E+00  dt = 0.4500E-02  final t = 0.112250E+01
 AMRCLAW: level  1  CFL = .900E+00  dt = 0.4500E-02  final t = 0.112700E+01
 AMRCLAW: level  1  CFL = .900E+00  dt = 0.4500E-02  final t = 0.113150E+01
 AMRCLAW: level  1  CFL = .900E+00  dt = 0.4500E-02  final t = 0.113600E+01
 AMRCLAW: level  1  CFL = .900E+00  dt = 0.4500E-02  final t = 0.114050E+01
 AMRCLAW: level  1  CFL = .900E+00  dt = 0.4500E-02  final t = 0.114500E+01
 AMRCLAW: level  1  CFL = .900E+00  dt = 0.4500E-02  final t = 0.114950E+01
 AMRCLAW: level  1  CFL = .900E+00  dt = 0.4500E-02  final t = 0.115400E+01
 AMRCLAW: level  1  CFL = .900E+00  dt = 0.4500E-02  final t = 0.115850E+01
 AMRCLAW: level  1  CFL = .900E+00  dt = 0.4500E-02  final t = 0.116300E+01
 AMRCLAW: level  1  CFL = .900E+00  dt = 0.4500E-02  final t = 0.116750E+01
 AMRCLAW: level  1  CFL = .900E+00  dt = 0.4500E-02  final t = 0.117200E+01
 AMRCLAW: level  1  CFL = .900E+00  dt = 0.4500E-02  final t = 0.117650E+01
 AMRCLAW: level  1  CFL = .900E+00  dt = 0.4500E-02  final t = 0.118100E+01
 AMRCLAW: level  1  CFL = .900E+00  dt = 0.4500E-02  final t = 0.118550E+01
 AMRCLAW: level  1  CFL = .900E+00  dt = 0.4500E-02  final t = 0.119000E+01
 AMRCLAW: level  1  CFL = .900E+00  dt = 0.4500E-02  final t = 0.119450E+01
 AMRCLAW: level  1  CFL = .900E+00  dt = 0.4500E-02  final t = 0.119900E+01
 AMRCLAW: level  1  CFL = .200E+00  dt = 0.1000E-02  final t = 0.120000E+01
AMRCLAW: Frame   12 output files done at time t = 0.120000D+01

 AMRCLAW: level  1  CFL = .900E+00  dt = 0.4500E-02  final t = 0.120450E+01
 AMRCLAW: level  1  CFL = .900E+00  dt = 0.4500E-02  final t = 0.120900E+01
 AMRCLAW: level  1  CFL = .900E+00  dt = 0.4500E-02  final t = 0.121350E+01
 AMRCLAW: level  1  CFL = .900E+00  dt = 0.4500E-02  final t = 0.121800E+01
 AMRCLAW: level  1  CFL = .900E+00  dt = 0.4500E-02  final t = 0.122250E+01
 AMRCLAW: level  1  CFL = .900E+00  dt = 0.4500E-02  final t = 0.122700E+01
 AMRCLAW: level  1  CFL = .900E+00  dt = 0.4500E-02  final t = 0.123150E+01
 AMRCLAW: level  1  CFL = .900E+00  dt = 0.4500E-02  final t = 0.123600E+01
 AMRCLAW: level  1  CFL = .900E+00  dt = 0.4500E-02  final t = 0.124050E+01
 AMRCLAW: level  1  CFL = .900E+00  dt = 0.4500E-02  final t = 0.124500E+01
 AMRCLAW: level  1  CFL = .900E+00  dt = 0.4500E-02  final t = 0.124950E+01
 AMRCLAW: level  1  CFL = .900E+00  dt = 0.4500E-02  final t = 0.125400E+01
 AMRCLAW: level  1  CFL = .900E+00  dt = 0.4500E-02  final t = 0.125850E+01
 AMRCLAW: level  1  CFL = .900E+00  dt = 0.4500E-02  final t = 0.126300E+01
 AMRCLAW: level  1  CFL = .900E+00  dt = 0.4500E-02  final t = 0.126750E+01
 AMRCLAW: level  1  CFL = .900E+00  dt = 0.4500E-02  final t = 0.127200E+01
 AMRCLAW: level  1  CFL = .900E+00  dt = 0.4500E-02  final t = 0.127650E+01
 AMRCLAW: level  1  CFL = .900E+00  dt = 0.4500E-02  final t = 0.128100E+01
 AMRCLAW: level  1  CFL = .900E+00  dt = 0.4500E-02  final t = 0.128550E+01
 AMRCLAW: level  1  CFL = .900E+00  dt = 0.4500E-02  final t = 0.129000E+01
 AMRCLAW: level  1  CFL = .900E+00  dt = 0.4500E-02  final t = 0.129450E+01
 AMRCLAW: level  1  CFL = .900E+00  dt = 0.4500E-02  final t = 0.129900E+01
 AMRCLAW: level  1  CFL = .200E+00  dt = 0.1000E-02  final t = 0.130000E+01
AMRCLAW: Frame   13 output files done at time t = 0.130000D+01

 AMRCLAW: level  1  CFL = .900E+00  dt = 0.4500E-02  final t = 0.130450E+01
 AMRCLAW: level  1  CFL = .900E+00  dt = 0.4500E-02  final t = 0.130900E+01
 AMRCLAW: level  1  CFL = .900E+00  dt = 0.4500E-02  final t = 0.131350E+01
 AMRCLAW: level  1  CFL = .900E+00  dt = 0.4500E-02  final t = 0.131800E+01
 AMRCLAW: level  1  CFL = .900E+00  dt = 0.4500E-02  final t = 0.132250E+01
 AMRCLAW: level  1  CFL = .900E+00  dt = 0.4500E-02  final t = 0.132700E+01
 AMRCLAW: level  1  CFL = .900E+00  dt = 0.4500E-02  final t = 0.133150E+01
 AMRCLAW: level  1  CFL = .900E+00  dt = 0.4500E-02  final t = 0.133600E+01
 AMRCLAW: level  1  CFL = .900E+00  dt = 0.4500E-02  final t = 0.134050E+01
 AMRCLAW: level  1  CFL = .900E+00  dt = 0.4500E-02  final t = 0.134500E+01
 AMRCLAW: level  1  CFL = .900E+00  dt = 0.4500E-02  final t = 0.134950E+01
 AMRCLAW: level  1  CFL = .900E+00  dt = 0.4500E-02  final t = 0.135400E+01
 AMRCLAW: level  1  CFL = .900E+00  dt = 0.4500E-02  final t = 0.135850E+01
 AMRCLAW: level  1  CFL = .900E+00  dt = 0.4500E-02  final t = 0.136300E+01
 AMRCLAW: level  1  CFL = .900E+00  dt = 0.4500E-02  final t = 0.136750E+01
 AMRCLAW: level  1  CFL = .900E+00  dt = 0.4500E-02  final t = 0.137200E+01
 AMRCLAW: level  1  CFL = .900E+00  dt = 0.4500E-02  final t = 0.137650E+01
 AMRCLAW: level  1  CFL = .900E+00  dt = 0.4500E-02  final t = 0.138100E+01
 AMRCLAW: level  1  CFL = .900E+00  dt = 0.4500E-02  final t = 0.138550E+01
 AMRCLAW: level  1  CFL = .900E+00  dt = 0.4500E-02  final t = 0.139000E+01
 AMRCLAW: level  1  CFL = .900E+00  dt = 0.4500E-02  final t = 0.139450E+01
 AMRCLAW: level  1  CFL = .900E+00  dt = 0.4500E-02  final t = 0.139900E+01
 AMRCLAW: level  1  CFL = .200E+00  dt = 0.1000E-02  final t = 0.140000E+01
AMRCLAW: Frame   14 output files done at time t = 0.140000D+01

 AMRCLAW: level  1  CFL = .900E+00  dt = 0.4500E-02  final t = 0.140450E+01
 AMRCLAW: level  1  CFL = .900E+00  dt = 0.4500E-02  final t = 0.140900E+01
 AMRCLAW: level  1  CFL = .900E+00  dt = 0.4500E-02  final t = 0.141350E+01
 AMRCLAW: level  1  CFL = .900E+00  dt = 0.4500E-02  final t = 0.141800E+01
 AMRCLAW: level  1  CFL = .900E+00  dt = 0.4500E-02  final t = 0.142250E+01
 AMRCLAW: level  1  CFL = .900E+00  dt = 0.4500E-02  final t = 0.142700E+01
 AMRCLAW: level  1  CFL = .900E+00  dt = 0.4500E-02  final t = 0.143150E+01
 AMRCLAW: level  1  CFL = .900E+00  dt = 0.4500E-02  final t = 0.143600E+01
 AMRCLAW: level  1  CFL = .900E+00  dt = 0.4500E-02  final t = 0.144050E+01
 AMRCLAW: level  1  CFL = .900E+00  dt = 0.4500E-02  final t = 0.144500E+01
 AMRCLAW: level  1  CFL = .900E+00  dt = 0.4500E-02  final t = 0.144950E+01
 AMRCLAW: level  1  CFL = .900E+00  dt = 0.4500E-02  final t = 0.145400E+01
 AMRCLAW: level  1  CFL = .900E+00  dt = 0.4500E-02  final t = 0.145850E+01
 AMRCLAW: level  1  CFL = .900E+00  dt = 0.4500E-02  final t = 0.146300E+01
 AMRCLAW: level  1  CFL = .900E+00  dt = 0.4500E-02  final t = 0.146750E+01
 AMRCLAW: level  1  CFL = .900E+00  dt = 0.4500E-02  final t = 0.147200E+01
 AMRCLAW: level  1  CFL = .900E+00  dt = 0.4500E-02  final t = 0.147650E+01
 AMRCLAW: level  1  CFL = .900E+00  dt = 0.4500E-02  final t = 0.148100E+01
 AMRCLAW: level  1  CFL = .900E+00  dt = 0.4500E-02  final t = 0.148550E+01
 AMRCLAW: level  1  CFL = .900E+00  dt = 0.4500E-02  final t = 0.149000E+01
 AMRCLAW: level  1  CFL = .900E+00  dt = 0.4500E-02  final t = 0.149450E+01
 AMRCLAW: level  1  CFL = .900E+00  dt = 0.4500E-02  final t = 0.149900E+01
 AMRCLAW: level  1  CFL = .200E+00  dt = 0.1000E-02  final t = 0.150000E+01
AMRCLAW: Frame   15 output files done at time t = 0.150000D+01

 AMRCLAW: level  1  CFL = .900E+00  dt = 0.4500E-02  final t = 0.150450E+01
 AMRCLAW: level  1  CFL = .900E+00  dt = 0.4500E-02  final t = 0.150900E+01
 AMRCLAW: level  1  CFL = .900E+00  dt = 0.4500E-02  final t = 0.151350E+01
 AMRCLAW: level  1  CFL = .900E+00  dt = 0.4500E-02  final t = 0.151800E+01
 AMRCLAW: level  1  CFL = .900E+00  dt = 0.4500E-02  final t = 0.152250E+01
 AMRCLAW: level  1  CFL = .900E+00  dt = 0.4500E-02  final t = 0.152700E+01
 AMRCLAW: level  1  CFL = .900E+00  dt = 0.4500E-02  final t = 0.153150E+01
 AMRCLAW: level  1  CFL = .900E+00  dt = 0.4500E-02  final t = 0.153600E+01
 AMRCLAW: level  1  CFL = .900E+00  dt = 0.4500E-02  final t = 0.154050E+01
 AMRCLAW: level  1  CFL = .900E+00  dt = 0.4500E-02  final t = 0.154500E+01
 AMRCLAW: level  1  CFL = .900E+00  dt = 0.4500E-02  final t = 0.154950E+01
 AMRCLAW: level  1  CFL = .900E+00  dt = 0.4500E-02  final t = 0.155400E+01
 AMRCLAW: level  1  CFL = .900E+00  dt = 0.4500E-02  final t = 0.155850E+01
 AMRCLAW: level  1  CFL = .900E+00  dt = 0.4500E-02  final t = 0.156300E+01
 AMRCLAW: level  1  CFL = .900E+00  dt = 0.4500E-02  final t = 0.156750E+01
 AMRCLAW: level  1  CFL = .900E+00  dt = 0.4500E-02  final t = 0.157200E+01
 AMRCLAW: level  1  CFL = .900E+00  dt = 0.4500E-02  final t = 0.157650E+01
 AMRCLAW: level  1  CFL = .900E+00  dt = 0.4500E-02  final t = 0.158100E+01
 AMRCLAW: level  1  CFL = .900E+00  dt = 0.4500E-02  final t = 0.158550E+01
 AMRCLAW: level  1  CFL = .900E+00  dt = 0.4500E-02  final t = 0.159000E+01
 AMRCLAW: level  1  CFL = .900E+00  dt = 0.4500E-02  final t = 0.159450E+01
 AMRCLAW: level  1  CFL = .900E+00  dt = 0.4500E-02  final t = 0.159900E+01
 AMRCLAW: level  1  CFL = .200E+00  dt = 0.1000E-02  final t = 0.160000E+01
AMRCLAW: Frame   16 output files done at time t = 0.160000D+01

 AMRCLAW: level  1  CFL = .900E+00  dt = 0.4500E-02  final t = 0.160450E+01
 AMRCLAW: level  1  CFL = .900E+00  dt = 0.4500E-02  final t = 0.160900E+01
 AMRCLAW: level  1  CFL = .900E+00  dt = 0.4500E-02  final t = 0.161350E+01
 AMRCLAW: level  1  CFL = .900E+00  dt = 0.4500E-02  final t = 0.161800E+01
 AMRCLAW: level  1  CFL = .900E+00  dt = 0.4500E-02  final t = 0.162250E+01
 AMRCLAW: level  1  CFL = .900E+00  dt = 0.4500E-02  final t = 0.162700E+01
 AMRCLAW: level  1  CFL = .900E+00  dt = 0.4500E-02  final t = 0.163150E+01
 AMRCLAW: level  1  CFL = .900E+00  dt = 0.4500E-02  final t = 0.163600E+01
 AMRCLAW: level  1  CFL = .900E+00  dt = 0.4500E-02  final t = 0.164050E+01
 AMRCLAW: level  1  CFL = .900E+00  dt = 0.4500E-02  final t = 0.164500E+01
 AMRCLAW: level  1  CFL = .900E+00  dt = 0.4500E-02  final t = 0.164950E+01
 AMRCLAW: level  1  CFL = .900E+00  dt = 0.4500E-02  final t = 0.165400E+01
 AMRCLAW: level  1  CFL = .900E+00  dt = 0.4500E-02  final t = 0.165850E+01
 AMRCLAW: level  1  CFL = .900E+00  dt = 0.4500E-02  final t = 0.166300E+01
 AMRCLAW: level  1  CFL = .900E+00  dt = 0.4500E-02  final t = 0.166750E+01
 AMRCLAW: level  1  CFL = .900E+00  dt = 0.4500E-02  final t = 0.167200E+01
 AMRCLAW: level  1  CFL = .900E+00  dt = 0.4500E-02  final t = 0.167650E+01
 AMRCLAW: level  1  CFL = .900E+00  dt = 0.4500E-02  final t = 0.168100E+01
 AMRCLAW: level  1  CFL = .900E+00  dt = 0.4500E-02  final t = 0.168550E+01
 AMRCLAW: level  1  CFL = .900E+00  dt = 0.4500E-02  final t = 0.169000E+01
 AMRCLAW: level  1  CFL = .900E+00  dt = 0.4500E-02  final t = 0.169450E+01
 AMRCLAW: level  1  CFL = .900E+00  dt = 0.4500E-02  final t = 0.169900E+01
 AMRCLAW: level  1  CFL = .200E+00  dt = 0.1000E-02  final t = 0.170000E+01
AMRCLAW: Frame   17 output files done at time t = 0.170000D+01

 AMRCLAW: level  1  CFL = .900E+00  dt = 0.4500E-02  final t = 0.170450E+01
 AMRCLAW: level  1  CFL = .900E+00  dt = 0.4500E-02  final t = 0.170900E+01
 AMRCLAW: level  1  CFL = .900E+00  dt = 0.4500E-02  final t = 0.171350E+01
 AMRCLAW: level  1  CFL = .900E+00  dt = 0.4500E-02  final t = 0.171800E+01
 AMRCLAW: level  1  CFL = .900E+00  dt = 0.4500E-02  final t = 0.172250E+01
 AMRCLAW: level  1  CFL = .900E+00  dt = 0.4500E-02  final t = 0.172700E+01
 AMRCLAW: level  1  CFL = .900E+00  dt = 0.4500E-02  final t = 0.173150E+01
 AMRCLAW: level  1  CFL = .900E+00  dt = 0.4500E-02  final t = 0.173600E+01
 AMRCLAW: level  1  CFL = .900E+00  dt = 0.4500E-02  final t = 0.174050E+01
 AMRCLAW: level  1  CFL = .900E+00  dt = 0.4500E-02  final t = 0.174500E+01
 AMRCLAW: level  1  CFL = .900E+00  dt = 0.4500E-02  final t = 0.174950E+01
 AMRCLAW: level  1  CFL = .900E+00  dt = 0.4500E-02  final t = 0.175400E+01
 AMRCLAW: level  1  CFL = .900E+00  dt = 0.4500E-02  final t = 0.175850E+01
 AMRCLAW: level  1  CFL = .900E+00  dt = 0.4500E-02  final t = 0.176300E+01
 AMRCLAW: level  1  CFL = .900E+00  dt = 0.4500E-02  final t = 0.176750E+01
 AMRCLAW: level  1  CFL = .900E+00  dt = 0.4500E-02  final t = 0.177200E+01
 AMRCLAW: level  1  CFL = .900E+00  dt = 0.4500E-02  final t = 0.177650E+01
 AMRCLAW: level  1  CFL = .900E+00  dt = 0.4500E-02  final t = 0.178100E+01
 AMRCLAW: level  1  CFL = .900E+00  dt = 0.4500E-02  final t = 0.178550E+01
 AMRCLAW: level  1  CFL = .900E+00  dt = 0.4500E-02  final t = 0.179000E+01
 AMRCLAW: level  1  CFL = .900E+00  dt = 0.4500E-02  final t = 0.179450E+01
 AMRCLAW: level  1  CFL = .900E+00  dt = 0.4500E-02  final t = 0.179900E+01
 AMRCLAW: level  1  CFL = .200E+00  dt = 0.1000E-02  final t = 0.180000E+01
AMRCLAW: Frame   18 output files done at time t = 0.180000D+01

 AMRCLAW: level  1  CFL = .900E+00  dt = 0.4500E-02  final t = 0.180450E+01
 AMRCLAW: level  1  CFL = .900E+00  dt = 0.4500E-02  final t = 0.180900E+01
 AMRCLAW: level  1  CFL = .900E+00  dt = 0.4500E-02  final t = 0.181350E+01
 AMRCLAW: level  1  CFL = .900E+00  dt = 0.4500E-02  final t = 0.181800E+01
 AMRCLAW: level  1  CFL = .900E+00  dt = 0.4500E-02  final t = 0.182250E+01
 AMRCLAW: level  1  CFL = .900E+00  dt = 0.4500E-02  final t = 0.182700E+01
 AMRCLAW: level  1  CFL = .900E+00  dt = 0.4500E-02  final t = 0.183150E+01
 AMRCLAW: level  1  CFL = .900E+00  dt = 0.4500E-02  final t = 0.183600E+01
 AMRCLAW: level  1  CFL = .900E+00  dt = 0.4500E-02  final t = 0.184050E+01
 AMRCLAW: level  1  CFL = .900E+00  dt = 0.4500E-02  final t = 0.184500E+01
 AMRCLAW: level  1  CFL = .900E+00  dt = 0.4500E-02  final t = 0.184950E+01
 AMRCLAW: level  1  CFL = .900E+00  dt = 0.4500E-02  final t = 0.185400E+01
 AMRCLAW: level  1  CFL = .900E+00  dt = 0.4500E-02  final t = 0.185850E+01
 AMRCLAW: level  1  CFL = .900E+00  dt = 0.4500E-02  final t = 0.186300E+01
 AMRCLAW: level  1  CFL = .900E+00  dt = 0.4500E-02  final t = 0.186750E+01
 AMRCLAW: level  1  CFL = .900E+00  dt = 0.4500E-02  final t = 0.187200E+01
 AMRCLAW: level  1  CFL = .900E+00  dt = 0.4500E-02  final t = 0.187650E+01
 AMRCLAW: level  1  CFL = .900E+00  dt = 0.4500E-02  final t = 0.188100E+01
 AMRCLAW: level  1  CFL = .900E+00  dt = 0.4500E-02  final t = 0.188550E+01
 AMRCLAW: level  1  CFL = .900E+00  dt = 0.4500E-02  final t = 0.189000E+01
 AMRCLAW: level  1  CFL = .900E+00  dt = 0.4500E-02  final t = 0.189450E+01
 AMRCLAW: level  1  CFL = .900E+00  dt = 0.4500E-02  final t = 0.189900E+01
 AMRCLAW: level  1  CFL = .200E+00  dt = 0.1000E-02  final t = 0.190000E+01
AMRCLAW: Frame   19 output files done at time t = 0.190000D+01

 AMRCLAW: level  1  CFL = .900E+00  dt = 0.4500E-02  final t = 0.190450E+01
 AMRCLAW: level  1  CFL = .900E+00  dt = 0.4500E-02  final t = 0.190900E+01
 AMRCLAW: level  1  CFL = .900E+00  dt = 0.4500E-02  final t = 0.191350E+01
 AMRCLAW: level  1  CFL = .900E+00  dt = 0.4500E-02  final t = 0.191800E+01
 AMRCLAW: level  1  CFL = .900E+00  dt = 0.4500E-02  final t = 0.192250E+01
 AMRCLAW: level  1  CFL = .900E+00  dt = 0.4500E-02  final t = 0.192700E+01
 AMRCLAW: level  1  CFL = .900E+00  dt = 0.4500E-02  final t = 0.193150E+01
 AMRCLAW: level  1  CFL = .900E+00  dt = 0.4500E-02  final t = 0.193600E+01
 AMRCLAW: level  1  CFL = .900E+00  dt = 0.4500E-02  final t = 0.194050E+01
 AMRCLAW: level  1  CFL = .900E+00  dt = 0.4500E-02  final t = 0.194500E+01
 AMRCLAW: level  1  CFL = .900E+00  dt = 0.4500E-02  final t = 0.194950E+01
 AMRCLAW: level  1  CFL = .900E+00  dt = 0.4500E-02  final t = 0.195400E+01
 AMRCLAW: level  1  CFL = .900E+00  dt = 0.4500E-02  final t = 0.195850E+01
 AMRCLAW: level  1  CFL = .900E+00  dt = 0.4500E-02  final t = 0.196300E+01
 AMRCLAW: level  1  CFL = .900E+00  dt = 0.4500E-02  final t = 0.196750E+01
 AMRCLAW: level  1  CFL = .900E+00  dt = 0.4500E-02  final t = 0.197200E+01
 AMRCLAW: level  1  CFL = .900E+00  dt = 0.4500E-02  final t = 0.197650E+01
 AMRCLAW: level  1  CFL = .900E+00  dt = 0.4500E-02  final t = 0.198100E+01
 AMRCLAW: level  1  CFL = .900E+00  dt = 0.4500E-02  final t = 0.198550E+01
 AMRCLAW: level  1  CFL = .900E+00  dt = 0.4500E-02  final t = 0.199000E+01
 AMRCLAW: level  1  CFL = .900E+00  dt = 0.4500E-02  final t = 0.199450E+01
 AMRCLAW: level  1  CFL = .900E+00  dt = 0.4500E-02  final t = 0.199900E+01
 AMRCLAW: level  1  CFL = .200E+00  dt = 0.1000E-02  final t = 0.200000E+01
AMRCLAW: Frame   20 output files done at time t = 0.200000D+01

 AMRCLAW: level  1  CFL = .900E+00  dt = 0.4500E-02  final t = 0.200450E+01
 AMRCLAW: level  1  CFL = .900E+00  dt = 0.4500E-02  final t = 0.200900E+01
 AMRCLAW: level  1  CFL = .900E+00  dt = 0.4500E-02  final t = 0.201350E+01
 AMRCLAW: level  1  CFL = .900E+00  dt = 0.4500E-02  final t = 0.201800E+01
 AMRCLAW: level  1  CFL = .900E+00  dt = 0.4500E-02  final t = 0.202250E+01
 AMRCLAW: level  1  CFL = .900E+00  dt = 0.4500E-02  final t = 0.202700E+01
 AMRCLAW: level  1  CFL = .900E+00  dt = 0.4500E-02  final t = 0.203150E+01
 AMRCLAW: level  1  CFL = .900E+00  dt = 0.4500E-02  final t = 0.203600E+01
 AMRCLAW: level  1  CFL = .900E+00  dt = 0.4500E-02  final t = 0.204050E+01
 AMRCLAW: level  1  CFL = .900E+00  dt = 0.4500E-02  final t = 0.204500E+01
 AMRCLAW: level  1  CFL = .900E+00  dt = 0.4500E-02  final t = 0.204950E+01
 AMRCLAW: level  1  CFL = .900E+00  dt = 0.4500E-02  final t = 0.205400E+01
 AMRCLAW: level  1  CFL = .900E+00  dt = 0.4500E-02  final t = 0.205850E+01
 AMRCLAW: level  1  CFL = .900E+00  dt = 0.4500E-02  final t = 0.206300E+01
 AMRCLAW: level  1  CFL = .900E+00  dt = 0.4500E-02  final t = 0.206750E+01
 AMRCLAW: level  1  CFL = .900E+00  dt = 0.4500E-02  final t = 0.207200E+01
 AMRCLAW: level  1  CFL = .900E+00  dt = 0.4500E-02  final t = 0.207650E+01
 AMRCLAW: level  1  CFL = .900E+00  dt = 0.4500E-02  final t = 0.208100E+01
 AMRCLAW: level  1  CFL = .900E+00  dt = 0.4500E-02  final t = 0.208550E+01
 AMRCLAW: level  1  CFL = .900E+00  dt = 0.4500E-02  final t = 0.209000E+01
 AMRCLAW: level  1  CFL = .900E+00  dt = 0.4500E-02  final t = 0.209450E+01
 AMRCLAW: level  1  CFL = .900E+00  dt = 0.4500E-02  final t = 0.209900E+01
 AMRCLAW: level  1  CFL = .200E+00  dt = 0.1000E-02  final t = 0.210000E+01
AMRCLAW: Frame   21 output files done at time t = 0.210000D+01

 AMRCLAW: level  1  CFL = .900E+00  dt = 0.4500E-02  final t = 0.210450E+01
 AMRCLAW: level  1  CFL = .900E+00  dt = 0.4500E-02  final t = 0.210900E+01
 AMRCLAW: level  1  CFL = .900E+00  dt = 0.4500E-02  final t = 0.211350E+01
 AMRCLAW: level  1  CFL = .900E+00  dt = 0.4500E-02  final t = 0.211800E+01
 AMRCLAW: level  1  CFL = .900E+00  dt = 0.4500E-02  final t = 0.212250E+01
 AMRCLAW: level  1  CFL = .900E+00  dt = 0.4500E-02  final t = 0.212700E+01
 AMRCLAW: level  1  CFL = .900E+00  dt = 0.4500E-02  final t = 0.213150E+01
 AMRCLAW: level  1  CFL = .900E+00  dt = 0.4500E-02  final t = 0.213600E+01
 AMRCLAW: level  1  CFL = .900E+00  dt = 0.4500E-02  final t = 0.214050E+01
 AMRCLAW: level  1  CFL = .900E+00  dt = 0.4500E-02  final t = 0.214500E+01
 AMRCLAW: level  1  CFL = .900E+00  dt = 0.4500E-02  final t = 0.214950E+01
 AMRCLAW: level  1  CFL = .900E+00  dt = 0.4500E-02  final t = 0.215400E+01
 AMRCLAW: level  1  CFL = .900E+00  dt = 0.4500E-02  final t = 0.215850E+01
 AMRCLAW: level  1  CFL = .900E+00  dt = 0.4500E-02  final t = 0.216300E+01
 AMRCLAW: level  1  CFL = .900E+00  dt = 0.4500E-02  final t = 0.216750E+01
 AMRCLAW: level  1  CFL = .900E+00  dt = 0.4500E-02  final t = 0.217200E+01
 AMRCLAW: level  1  CFL = .900E+00  dt = 0.4500E-02  final t = 0.217650E+01
 AMRCLAW: level  1  CFL = .900E+00  dt = 0.4500E-02  final t = 0.218100E+01
 AMRCLAW: level  1  CFL = .900E+00  dt = 0.4500E-02  final t = 0.218550E+01
 AMRCLAW: level  1  CFL = .900E+00  dt = 0.4500E-02  final t = 0.219000E+01
 AMRCLAW: level  1  CFL = .900E+00  dt = 0.4500E-02  final t = 0.219450E+01
 AMRCLAW: level  1  CFL = .900E+00  dt = 0.4500E-02  final t = 0.219900E+01
 AMRCLAW: level  1  CFL = .200E+00  dt = 0.1000E-02  final t = 0.220000E+01
AMRCLAW: Frame   22 output files done at time t = 0.220000D+01

 Done integrating to time    2.2000000000000002     
  
Total time to solution =      70.28800000 s, using   1 threads
Total advanc time on level   1 =      59.86700000 s
  
Total updating   time                  0.00000000 s
Total valout     time                 10.45300000 s
Total regridding time                  0.00000000 s
==> runclaw: Will take data from  /media/tfuser/E8/code/clawpack/myclaw/advection_base
==> runclaw: Will write output to  /media/tfuser/E8/code/clawpack/myclaw/advection_base/_output
==> runclaw: Removing all old fort files in  /media/tfuser/E8/code/clawpack/myclaw/advection_base/_output

==> Running with command:
    /media/tfuser/E8/code/clawpack/myclaw/advection_base/xamr

==> runclaw: Finished executing

==> runclaw: Done executing /media/tfuser/E8/code/clawpack/myclaw/advection_base/xamr via clawutil.runclaw.py
==> runclaw: Output is in  /media/tfuser/E8/code/clawpack/myclaw/advection_base/_output
make[1]: Leaving directory `/media/tfuser/E8/code/clawpack/myclaw/advection_base'
make plots
make[1]: Entering directory `/media/tfuser/E8/code/clawpack/myclaw/advection_base'
rm -f .plots
python /media/tfuser/E8/code/clawpack/visclaw/src/python/visclaw/plotclaw.py _output                     _plots                     setplot.py           
Importing setplot.setplot from /media/tfuser/E8/code/clawpack/myclaw/advection_base.
Executed setplot successfully
Will plot 23 frames numbered: [0, 1, 2, 3, 4, 5, 6, 7, 8, 9, 10, 11, 12, 13, 14, 15, 16, 17, 18, 19, 20, 21, 22]
Will make 4 figure(s) for each frame, numbered:  [0, 1, 2, 3]

-----------------------------------


Creating html pages for figures...

Directory '/media/tfuser/E8/code/clawpack/myclaw/advection_base/_plots' 
    already exists, files may be overwritten 
Now making png files for all figures...
    Reading  Frame 0 at t = 0  from outdir = /media/tfuser/E8/code/clawpack/myclaw/advection_base/_output
Frame 0 at time t = 0.0
    Reading  Frame 1 at t = 0.1  from outdir = /media/tfuser/E8/code/clawpack/myclaw/advection_base/_output
Frame 1 at time t = 0.1
    Reading  Frame 2 at t = 0.2  from outdir = /media/tfuser/E8/code/clawpack/myclaw/advection_base/_output
Frame 2 at time t = 0.2
    Reading  Frame 3 at t = 0.3  from outdir = /media/tfuser/E8/code/clawpack/myclaw/advection_base/_output
Frame 3 at time t = 0.3
    Reading  Frame 4 at t = 0.4  from outdir = /media/tfuser/E8/code/clawpack/myclaw/advection_base/_output
Frame 4 at time t = 0.4
    Reading  Frame 5 at t = 0.5  from outdir = /media/tfuser/E8/code/clawpack/myclaw/advection_base/_output
Frame 5 at time t = 0.5
    Reading  Frame 6 at t = 0.6  from outdir = /media/tfuser/E8/code/clawpack/myclaw/advection_base/_output
Frame 6 at time t = 0.6
    Reading  Frame 7 at t = 0.7  from outdir = /media/tfuser/E8/code/clawpack/myclaw/advection_base/_output
Frame 7 at time t = 0.7
    Reading  Frame 8 at t = 0.8  from outdir = /media/tfuser/E8/code/clawpack/myclaw/advection_base/_output
Frame 8 at time t = 0.8
    Reading  Frame 9 at t = 0.9  from outdir = /media/tfuser/E8/code/clawpack/myclaw/advection_base/_output
Frame 9 at time t = 0.9
    Reading  Frame 10 at t = 1  from outdir = /media/tfuser/E8/code/clawpack/myclaw/advection_base/_output
Frame 10 at time t = 1.0
    Reading  Frame 11 at t = 1.1  from outdir = /media/tfuser/E8/code/clawpack/myclaw/advection_base/_output
Frame 11 at time t = 1.1
    Reading  Frame 12 at t = 1.2  from outdir = /media/tfuser/E8/code/clawpack/myclaw/advection_base/_output
Frame 12 at time t = 1.2
    Reading  Frame 13 at t = 1.3  from outdir = /media/tfuser/E8/code/clawpack/myclaw/advection_base/_output
Frame 13 at time t = 1.3
    Reading  Frame 14 at t = 1.4  from outdir = /media/tfuser/E8/code/clawpack/myclaw/advection_base/_output
Frame 14 at time t = 1.4
    Reading  Frame 15 at t = 1.5  from outdir = /media/tfuser/E8/code/clawpack/myclaw/advection_base/_output
Frame 15 at time t = 1.5
    Reading  Frame 16 at t = 1.6  from outdir = /media/tfuser/E8/code/clawpack/myclaw/advection_base/_output
Frame 16 at time t = 1.6
    Reading  Frame 17 at t = 1.7  from outdir = /media/tfuser/E8/code/clawpack/myclaw/advection_base/_output
Frame 17 at time t = 1.7
    Reading  Frame 18 at t = 1.8  from outdir = /media/tfuser/E8/code/clawpack/myclaw/advection_base/_output
Frame 18 at time t = 1.8
    Reading  Frame 19 at t = 1.9  from outdir = /media/tfuser/E8/code/clawpack/myclaw/advection_base/_output
Frame 19 at time t = 1.9
    Reading  Frame 20 at t = 2  from outdir = /media/tfuser/E8/code/clawpack/myclaw/advection_base/_output
Frame 20 at time t = 2.0
    Reading  Frame 21 at t = 2.1  from outdir = /media/tfuser/E8/code/clawpack/myclaw/advection_base/_output
Frame 21 at time t = 2.1
    Reading  Frame 22 at t = 2.2  from outdir = /media/tfuser/E8/code/clawpack/myclaw/advection_base/_output
Frame 22 at time t = 2.2
Reading gauge data from /media/tfuser/E8/code/clawpack/myclaw/advection_base/_output/fort.gauge
In fort.gauge file, found gauge numbers [0, 1, 2, 3, 4, 5, 6, 7, 8, 9, 10, 11, 12, 13, 14, 15, 16, 17, 18, 19, 20, 21, 22, 23, 24]
Read in gauges [0 1 2 3 4 5 6 7 8 9 10 11 12 13 14 15 16 17 18 19 20 21 22 23 24]
Found data for Gauge 0 
Found data for Gauge 1 
Found data for Gauge 2 
Found data for Gauge 3 
Found data for Gauge 4 
Found data for Gauge 5 
Found data for Gauge 6 
Found data for Gauge 7 
Found data for Gauge 8 
Found data for Gauge 9 
Found data for Gauge 10 
Found data for Gauge 11 
Found data for Gauge 12 
Found data for Gauge 13 
Found data for Gauge 14 
Found data for Gauge 15 
Found data for Gauge 16 
Found data for Gauge 17 
Found data for Gauge 18 
Found data for Gauge 19 
Found data for Gauge 20 
Found data for Gauge 21 
Found data for Gauge 22 
Found data for Gauge 23 
Found data for Gauge 24 

-----------------------------------

Creating latex file...
Directory '/media/tfuser/E8/code/clawpack/myclaw/advection_base/_plots' 
    already exists, files may be overwritten 

Latex file created:  
  /media/tfuser/E8/code/clawpack/myclaw/advection_base/_plots/plots.tex

Use pdflatex to create pdf file
Created JSAnimation for figure 0
Created JSAnimation for figure 1
Created JSAnimation for figure 2
Created JSAnimation for figure 3

--------------------------------------------------------

Point your browser to:
    file:///media/tfuser/E8/code/clawpack/myclaw/advection_base/_plots/_PlotIndex.html
make[1]: Leaving directory `/media/tfuser/E8/code/clawpack/myclaw/advection_base'
